# JRE version: OpenJDK Runtime Environment Temurin-21.0.9+10 (21.0.9+10) (build 21.0.9+10-LTS)
# Java VM: OpenJDK 64-Bit Server VM Temurin-21.0.9+10 (21.0.9+10-LTS, mixed mode, sharing, tiered, compressed oops, compressed class ptrs, parallel gc, windows-amd64)
GC Precious Log:
 CardTable entry size: 512
 CPUs: 12 total, 12 available
 Memory: 15684M
 Large Page Support: Disabled
 NUMA Support: Disabled
 Compressed Oops: Enabled (32-bit)
 Alignments: Space 512K, Generation 512K, Heap 2M
 Heap Min Capacity: 100M
 Heap Initial Capacity: 100M
 Heap Max Capacity: 2G
 Pre-touch: Disabled
 Parallel Workers: 10
Heap:
 PSYoungGen      total 5120K, used 2655K [0x00000000d5580000, 0x00000000d5c00000, 0x0000000100000000)
  eden space 4608K, 53% used [0x00000000d5580000,0x00000000d57e7ce0,0x00000000d5a00000)
  from space 512K, 37% used [0x00000000d5b80000,0x00000000d5bb0000,0x00000000d5c00000)
  to   space 512K, 0% used [0x00000000d5b00000,0x00000000d5b00000,0x00000000d5b80000)
 ParOldGen       total 1245696K, used 1245331K [0x0000000080000000, 0x00000000cc080000, 0x00000000d5580000)
  object space 1245696K, 99% used [0x0000000080000000,0x00000000cc024e00,0x00000000cc080000)
 Metaspace       used 89637K, committed 91392K, reserved 1179648K
  class space    used 10275K, committed 11136K, reserved 1048576K
GC Heap History (20 events):
Event: 587.979 GC heap before
{Heap before GC invocations=1492 (full 4):
 PSYoungGen      total 5120K, used 5114K [0x00000000d5580000, 0x00000000d5c00000, 0x0000000100000000)
  eden space 4608K, 100% used [0x00000000d5580000,0x00000000d5a00000,0x00000000d5a00000)
  from space 512K, 98% used [0x00000000d5b00000,0x00000000d5b7e900,0x00000000d5b80000)
  to   space 1024K, 0% used [0x00000000d5a00000,0x00000000d5a00000,0x00000000d5b00000)
 ParOldGen       total 1242112K, used 1241685K [0x0000000080000000, 0x00000000cbd00000, 0x00000000d5580000)
  object space 1242112K, 99% used [0x0000000080000000,0x00000000cbc956f0,0x00000000cbd00000)
 Metaspace       used 89513K, committed 91328K, reserved 1179648K
  class space    used 10271K, committed 11136K, reserved 1048576K
}
Event: 587.983 GC heap after
{Heap after GC invocations=1492 (full 4):
 PSYoungGen      total 5632K, used 820K [0x00000000d5580000, 0x00000000d5c00000, 0x0000000100000000)
  eden space 4608K, 0% used [0x00000000d5580000,0x00000000d5580000,0x00000000d5a00000)
  from space 1024K, 80% used [0x00000000d5a00000,0x00000000d5acd200,0x00000000d5b00000)
  to   space 1024K, 0% used [0x00000000d5b00000,0x00000000d5b00000,0x00000000d5c00000)
 ParOldGen       total 1242624K, used 1242202K [0x0000000080000000, 0x00000000cbd80000, 0x00000000d5580000)
  object space 1242624K, 99% used [0x0000000080000000,0x00000000cbd168f0,0x00000000cbd80000)
 Metaspace       used 89513K, committed 91328K, reserved 1179648K
  class space    used 10271K, committed 11136K, reserved 1048576K
}
Event: 595.571 GC heap before
{Heap before GC invocations=1493 (full 4):
 PSYoungGen      total 5632K, used 5428K [0x00000000d5580000, 0x00000000d5c00000, 0x0000000100000000)
  eden space 4608K, 100% used [0x00000000d5580000,0x00000000d5a00000,0x00000000d5a00000)
  from space 1024K, 80% used [0x00000000d5a00000,0x00000000d5acd200,0x00000000d5b00000)
  to   space 1024K, 0% used [0x00000000d5b00000,0x00000000d5b00000,0x00000000d5c00000)
 ParOldGen       total 1242624K, used 1242202K [0x0000000080000000, 0x00000000cbd80000, 0x00000000d5580000)
  object space 1242624K, 99% used [0x0000000080000000,0x00000000cbd168f0,0x00000000cbd80000)
 Metaspace       used 89513K, committed 91328K, reserved 1179648K
  class space    used 10271K, committed 11136K, reserved 1048576K
}
Event: 595.573 GC heap after
{Heap after GC invocations=1493 (full 4):
 PSYoungGen      total 5632K, used 868K [0x00000000d5580000, 0x00000000d5c00000, 0x0000000100000000)
  eden space 4608K, 0% used [0x00000000d5580000,0x00000000d5580000,0x00000000d5a00000)
  from space 1024K, 84% used [0x00000000d5b00000,0x00000000d5bd9210,0x00000000d5c00000)
  to   space 1024K, 0% used [0x00000000d5a00000,0x00000000d5a00000,0x00000000d5b00000)
 ParOldGen       total 1243136K, used 1242886K [0x0000000080000000, 0x00000000cbe00000, 0x00000000d5580000)
  object space 1243136K, 99% used [0x0000000080000000,0x00000000cbdc1b00,0x00000000cbe00000)
 Metaspace       used 89513K, committed 91328K, reserved 1179648K
  class space    used 10271K, committed 11136K, reserved 1048576K
}
Event: 595.592 GC heap before
{Heap before GC invocations=1494 (full 4):
 PSYoungGen      total 5632K, used 5476K [0x00000000d5580000, 0x00000000d5c00000, 0x0000000100000000)
  eden space 4608K, 100% used [0x00000000d5580000,0x00000000d5a00000,0x00000000d5a00000)
  from space 1024K, 84% used [0x00000000d5b00000,0x00000000d5bd9210,0x00000000d5c00000)
  to   space 1024K, 0% used [0x00000000d5a00000,0x00000000d5a00000,0x00000000d5b00000)
 ParOldGen       total 1243136K, used 1242886K [0x0000000080000000, 0x00000000cbe00000, 0x00000000d5580000)
  object space 1243136K, 99% used [0x0000000080000000,0x00000000cbdc1b00,0x00000000cbe00000)
 Metaspace       used 89513K, committed 91328K, reserved 1179648K
  class space    used 10271K, committed 11136K, reserved 1048576K
}
Event: 595.595 GC heap after
{Heap after GC invocations=1494 (full 4):
 PSYoungGen      total 5632K, used 868K [0x00000000d5580000, 0x00000000d5c00000, 0x0000000100000000)
  eden space 4608K, 0% used [0x00000000d5580000,0x00000000d5580000,0x00000000d5a00000)
  from space 1024K, 84% used [0x00000000d5a00000,0x00000000d5ad9210,0x00000000d5b00000)
  to   space 1024K, 0% used [0x00000000d5b00000,0x00000000d5b00000,0x00000000d5c00000)
 ParOldGen       total 1243648K, used 1243587K [0x0000000080000000, 0x00000000cbe80000, 0x00000000d5580000)
  object space 1243648K, 99% used [0x0000000080000000,0x00000000cbe70d10,0x00000000cbe80000)
 Metaspace       used 89513K, committed 91328K, reserved 1179648K
  class space    used 10271K, committed 11136K, reserved 1048576K
}
Event: 597.306 GC heap before
{Heap before GC invocations=1495 (full 4):
 PSYoungGen      total 5632K, used 5476K [0x00000000d5580000, 0x00000000d5c00000, 0x0000000100000000)
  eden space 4608K, 100% used [0x00000000d5580000,0x00000000d5a00000,0x00000000d5a00000)
  from space 1024K, 84% used [0x00000000d5a00000,0x00000000d5ad9210,0x00000000d5b00000)
  to   space 1024K, 0% used [0x00000000d5b00000,0x00000000d5b00000,0x00000000d5c00000)
 ParOldGen       total 1243648K, used 1243587K [0x0000000080000000, 0x00000000cbe80000, 0x00000000d5580000)
  object space 1243648K, 99% used [0x0000000080000000,0x00000000cbe70d10,0x00000000cbe80000)
 Metaspace       used 89526K, committed 91328K, reserved 1179648K
  class space    used 10271K, committed 11136K, reserved 1048576K
}
Event: 597.309 GC heap after
{Heap after GC invocations=1495 (full 4):
 PSYoungGen      total 5632K, used 372K [0x00000000d5580000, 0x00000000d5c00000, 0x0000000100000000)
  eden space 4608K, 0% used [0x00000000d5580000,0x00000000d5580000,0x00000000d5a00000)
  from space 1024K, 36% used [0x00000000d5b00000,0x00000000d5b5d200,0x00000000d5c00000)
  to   space 1024K, 0% used [0x00000000d5a00000,0x00000000d5a00000,0x00000000d5b00000)
 ParOldGen       total 1244160K, used 1243859K [0x0000000080000000, 0x00000000cbf00000, 0x00000000d5580000)
  object space 1244160K, 99% used [0x0000000080000000,0x00000000cbeb4d10,0x00000000cbf00000)
 Metaspace       used 89526K, committed 91328K, reserved 1179648K
  class space    used 10271K, committed 11136K, reserved 1048576K
}
Event: 597.333 GC heap before
{Heap before GC invocations=1496 (full 4):
 PSYoungGen      total 5632K, used 4971K [0x00000000d5580000, 0x00000000d5c00000, 0x0000000100000000)
  eden space 4608K, 99% used [0x00000000d5580000,0x00000000d59fda10,0x00000000d5a00000)
  from space 1024K, 36% used [0x00000000d5b00000,0x00000000d5b5d200,0x00000000d5c00000)
  to   space 1024K, 0% used [0x00000000d5a00000,0x00000000d5a00000,0x00000000d5b00000)
 ParOldGen       total 1244160K, used 1243859K [0x0000000080000000, 0x00000000cbf00000, 0x00000000d5580000)
  object space 1244160K, 99% used [0x0000000080000000,0x00000000cbeb4d10,0x00000000cbf00000)
 Metaspace       used 89526K, committed 91328K, reserved 1179648K
  class space    used 10271K, committed 11136K, reserved 1048576K
}
Event: 597.336 GC heap after
{Heap after GC invocations=1496 (full 4):
 PSYoungGen      total 5632K, used 1015K [0x00000000d5580000, 0x00000000d5e00000, 0x0000000100000000)
  eden space 4608K, 0% used [0x00000000d5580000,0x00000000d5580000,0x00000000d5a00000)
  from space 1024K, 99% used [0x00000000d5a00000,0x00000000d5afddb0,0x00000000d5b00000)
  to   space 2048K, 0% used [0x00000000d5c00000,0x00000000d5c00000,0x00000000d5e00000)
 ParOldGen       total 1244672K, used 1244525K [0x0000000080000000, 0x00000000cbf80000, 0x00000000d5580000)
  object space 1244672K, 99% used [0x0000000080000000,0x00000000cbf5b4d0,0x00000000cbf80000)
 Metaspace       used 89526K, committed 91328K, reserved 1179648K
  class space    used 10271K, committed 11136K, reserved 1048576K
}
Event: 598.440 GC heap before
{Heap before GC invocations=1497 (full 4):
 PSYoungGen      total 5632K, used 5623K [0x00000000d5580000, 0x00000000d5e00000, 0x0000000100000000)
  eden space 4608K, 100% used [0x00000000d5580000,0x00000000d5a00000,0x00000000d5a00000)
  from space 1024K, 99% used [0x00000000d5a00000,0x00000000d5afddb0,0x00000000d5b00000)
  to   space 2048K, 0% used [0x00000000d5c00000,0x00000000d5c00000,0x00000000d5e00000)
 ParOldGen       total 1244672K, used 1244525K [0x0000000080000000, 0x00000000cbf80000, 0x00000000d5580000)
  object space 1244672K, 99% used [0x0000000080000000,0x00000000cbf5b4d0,0x00000000cbf80000)
 Metaspace       used 89586K, committed 91392K, reserved 1179648K
  class space    used 10274K, committed 11136K, reserved 1048576K
}
Event: 598.442 GC heap after
{Heap after GC invocations=1497 (full 4):
 PSYoungGen      total 5632K, used 858K [0x00000000d5580000, 0x00000000d5d00000, 0x0000000100000000)
  eden space 4608K, 0% used [0x00000000d5580000,0x00000000d5580000,0x00000000d5a00000)
  from space 1024K, 83% used [0x00000000d5c00000,0x00000000d5cd6b30,0x00000000d5d00000)
  to   space 1536K, 0% used [0x00000000d5a00000,0x00000000d5a00000,0x00000000d5b80000)
 ParOldGen       total 1245184K, used 1244717K [0x0000000080000000, 0x00000000cc000000, 0x00000000d5580000)
  object space 1245184K, 99% used [0x0000000080000000,0x00000000cbf8b4d0,0x00000000cc000000)
 Metaspace       used 89586K, committed 91392K, reserved 1179648K
  class space    used 10274K, committed 11136K, reserved 1048576K
}
Event: 598.452 GC heap before
{Heap before GC invocations=1498 (full 4):
 PSYoungGen      total 5632K, used 5466K [0x00000000d5580000, 0x00000000d5d00000, 0x0000000100000000)
  eden space 4608K, 99% used [0x00000000d5580000,0x00000000d59ffff8,0x00000000d5a00000)
  from space 1024K, 83% used [0x00000000d5c00000,0x00000000d5cd6b30,0x00000000d5d00000)
  to   space 1536K, 0% used [0x00000000d5a00000,0x00000000d5a00000,0x00000000d5b80000)
 ParOldGen       total 1245184K, used 1244717K [0x0000000080000000, 0x00000000cc000000, 0x00000000d5580000)
  object space 1245184K, 99% used [0x0000000080000000,0x00000000cbf8b4d0,0x00000000cc000000)
 Metaspace       used 89586K, committed 91392K, reserved 1179648K
  class space    used 10274K, committed 11136K, reserved 1048576K
}
Event: 598.454 GC heap after
{Heap after GC invocations=1498 (full 4):
 PSYoungGen      total 6144K, used 442K [0x00000000d5580000, 0x00000000d5c80000, 0x0000000100000000)
  eden space 4608K, 0% used [0x00000000d5580000,0x00000000d5580000,0x00000000d5a00000)
  from space 1536K, 28% used [0x00000000d5a00000,0x00000000d5a6e900,0x00000000d5b80000)
  to   space 1024K, 0% used [0x00000000d5b80000,0x00000000d5b80000,0x00000000d5c80000)
 ParOldGen       total 1245696K, used 1245235K [0x0000000080000000, 0x00000000cc080000, 0x00000000d5580000)
  object space 1245696K, 99% used [0x0000000080000000,0x00000000cc00ce00,0x00000000cc080000)
 Metaspace       used 89586K, committed 91392K, reserved 1179648K
  class space    used 10274K, committed 11136K, reserved 1048576K
}
Event: 614.372 GC heap before
{Heap before GC invocations=1499 (full 4):
 PSYoungGen      total 6144K, used 5050K [0x00000000d5580000, 0x00000000d5c80000, 0x0000000100000000)
  eden space 4608K, 100% used [0x00000000d5580000,0x00000000d5a00000,0x00000000d5a00000)
  from space 1536K, 28% used [0x00000000d5a00000,0x00000000d5a6e900,0x00000000d5b80000)
  to   space 1024K, 0% used [0x00000000d5b80000,0x00000000d5b80000,0x00000000d5c80000)
 ParOldGen       total 1245696K, used 1245235K [0x0000000080000000, 0x00000000cc080000, 0x00000000d5580000)
  object space 1245696K, 99% used [0x0000000080000000,0x00000000cc00ce00,0x00000000cc080000)
 Metaspace       used 89593K, committed 91392K, reserved 1179648K
  class space    used 10274K, committed 11136K, reserved 1048576K
}
Event: 614.375 GC heap after
{Heap after GC invocations=1499 (full 4):
 PSYoungGen      total 5120K, used 314K [0x00000000d5580000, 0x00000000d5c00000, 0x0000000100000000)
  eden space 4608K, 0% used [0x00000000d5580000,0x00000000d5580000,0x00000000d5a00000)
  from space 512K, 61% used [0x00000000d5b80000,0x00000000d5bce900,0x00000000d5c00000)
  to   space 512K, 0% used [0x00000000d5b00000,0x00000000d5b00000,0x00000000d5b80000)
 ParOldGen       total 1245696K, used 1245243K [0x0000000080000000, 0x00000000cc080000, 0x00000000d5580000)
  object space 1245696K, 99% used [0x0000000080000000,0x00000000cc00ee00,0x00000000cc080000)
 Metaspace       used 89593K, committed 91392K, reserved 1179648K
  class space    used 10274K, committed 11136K, reserved 1048576K
}
Event: 614.385 GC heap before
{Heap before GC invocations=1500 (full 4):
 PSYoungGen      total 5120K, used 4922K [0x00000000d5580000, 0x00000000d5c00000, 0x0000000100000000)
  eden space 4608K, 100% used [0x00000000d5580000,0x00000000d5a00000,0x00000000d5a00000)
  from space 512K, 61% used [0x00000000d5b80000,0x00000000d5bce900,0x00000000d5c00000)
  to   space 512K, 0% used [0x00000000d5b00000,0x00000000d5b00000,0x00000000d5b80000)
 ParOldGen       total 1245696K, used 1245243K [0x0000000080000000, 0x00000000cc080000, 0x00000000d5580000)
  object space 1245696K, 99% used [0x0000000080000000,0x00000000cc00ee00,0x00000000cc080000)
 Metaspace       used 89593K, committed 91392K, reserved 1179648K
  class space    used 10274K, committed 11136K, reserved 1048576K
}
Event: 614.387 GC heap after
{Heap after GC invocations=1500 (full 4):
 PSYoungGen      total 5120K, used 464K [0x00000000d5580000, 0x00000000d5c00000, 0x0000000100000000)
  eden space 4608K, 0% used [0x00000000d5580000,0x00000000d5580000,0x00000000d5a00000)
  from space 512K, 90% used [0x00000000d5b00000,0x00000000d5b74010,0x00000000d5b80000)
  to   space 512K, 0% used [0x00000000d5b80000,0x00000000d5b80000,0x00000000d5c00000)
 ParOldGen       total 1245696K, used 1245315K [0x0000000080000000, 0x00000000cc080000, 0x00000000d5580000)
  object space 1245696K, 99% used [0x0000000080000000,0x00000000cc020e00,0x00000000cc080000)
 Metaspace       used 89593K, committed 91392K, reserved 1179648K
  class space    used 10274K, committed 11136K, reserved 1048576K
}
Event: 1206.201 GC heap before
{Heap before GC invocations=1501 (full 4):
 PSYoungGen      total 5120K, used 5066K [0x00000000d5580000, 0x00000000d5c00000, 0x0000000100000000)
  eden space 4608K, 99% used [0x00000000d5580000,0x00000000d59fe9e0,0x00000000d5a00000)
  from space 512K, 90% used [0x00000000d5b00000,0x00000000d5b74010,0x00000000d5b80000)
  to   space 512K, 0% used [0x00000000d5b80000,0x00000000d5b80000,0x00000000d5c00000)
 ParOldGen       total 1245696K, used 1245315K [0x0000000080000000, 0x00000000cc080000, 0x00000000d5580000)
  object space 1245696K, 99% used [0x0000000080000000,0x00000000cc020e00,0x00000000cc080000)
 Metaspace       used 89626K, committed 91392K, reserved 1179648K
  class space    used 10274K, committed 11136K, reserved 1048576K
}
Event: 1206.215 GC heap after
{Heap after GC invocations=1501 (full 4):
 PSYoungGen      total 5120K, used 192K [0x00000000d5580000, 0x00000000d5c00000, 0x0000000100000000)
  eden space 4608K, 0% used [0x00000000d5580000,0x00000000d5580000,0x00000000d5a00000)
  from space 512K, 37% used [0x00000000d5b80000,0x00000000d5bb0000,0x00000000d5c00000)
  to   space 512K, 0% used [0x00000000d5b00000,0x00000000d5b00000,0x00000000d5b80000)
 ParOldGen       total 1245696K, used 1245331K [0x0000000080000000, 0x00000000cc080000, 0x00000000d5580000)
  object space 1245696K, 99% used [0x0000000080000000,0x00000000cc024e00,0x00000000cc080000)
 Metaspace       used 89626K, committed 91392K, reserved 1179648K
  class space    used 10274K, committed 11136K, reserved 1048576K
}

